This file contains any messages produced by compilers while
running configure, to aid debugging if configure makes a mistake.

It was created by lksctp-tools configure 1.0.15, which was
generated by GNU Autoconf 2.69.  Invocation command line was

  $ ./configure --host=or1k-linux-gnu --build=x86_64-linux-gnu

## --------- ##
## Platform. ##
## --------- ##

hostname = bluecmd
uname -m = x86_64
uname -r = 3.16.0-49-generic
uname -s = Linux
uname -v = #65~14.04.1-Ubuntu SMP Wed Sep 9 10:03:23 UTC 2015

/usr/bin/uname -p = unknown
/bin/uname -X     = unknown

/bin/arch              = unknown
/usr/bin/arch -k       = unknown
/usr/convex/getsysinfo = unknown
/usr/bin/hostinfo      = unknown
/bin/machine           = unknown
/usr/bin/oslevel       = unknown
/bin/universe          = unknown

PATH: /home/bluecmd/google-cloud-sdk/bin
PATH: /usr/local/sbin
PATH: /usr/local/bin
PATH: /usr/sbin
PATH: /usr/bin
PATH: /sbin
PATH: /bin
PATH: /home/bluecmd/go/bin/
PATH: /srv/compilers/openrisc-devel/bin


## ----------- ##
## Core tests. ##
## ----------- ##

configure:2305: checking for a BSD-compatible install
configure:2373: result: /usr/bin/install -c
configure:2384: checking whether build environment is sane
configure:2439: result: yes
configure:2498: checking for or1k-linux-gnu-strip
configure:2514: found /srv/compilers/openrisc-devel/bin/or1k-linux-gnu-strip
configure:2525: result: or1k-linux-gnu-strip
configure:2590: checking for a thread-safe mkdir -p
configure:2629: result: /bin/mkdir -p
configure:2636: checking for gawk
configure:2652: found /usr/bin/gawk
configure:2663: result: gawk
configure:2674: checking whether make sets $(MAKE)
configure:2696: result: yes
configure:2725: checking whether make supports nested variables
configure:2742: result: yes
configure:2879: checking whether make supports nested variables
configure:2896: result: yes
configure:2913: checking for gawk
configure:2940: result: gawk
configure:2959: checking for or1k-linux-gnu-gcc
configure:2975: found /srv/compilers/openrisc-devel/bin/or1k-linux-gnu-gcc
configure:2986: result: or1k-linux-gnu-gcc
configure:3255: checking for C compiler version
configure:3264: or1k-linux-gnu-gcc --version >&5
or1k-linux-gnu-gcc (GCC) 5.2.0
Copyright (C) 2015 Free Software Foundation, Inc.
This is free software; see the source for copying conditions.  There is NO
warranty; not even for MERCHANTABILITY or FITNESS FOR A PARTICULAR PURPOSE.

configure:3275: $? = 0
configure:3264: or1k-linux-gnu-gcc -v >&5
Using built-in specs.
COLLECT_GCC=or1k-linux-gnu-gcc
COLLECT_LTO_WRAPPER=/srv/compilers/openrisc-devel/libexec/gcc/or1k-linux-gnu/5.2.0/lto-wrapper
Target: or1k-linux-gnu
Configured with: /home/bluecmd/openrisc/or1k-devel/or1k-gcc/configure --target=or1k-linux-gnu --prefix=/srv/compilers/openrisc-devel --enable-languages=c,c++ --enable-threads=posix --disable-libgomp --disable-libmudflap --enable-vtable-verify --with-sysroot=/srv/compilers/openrisc-devel/or1k-linux-gnu/sys-root --disable-multilib
Thread model: posix
gcc version 5.2.0 (GCC) 
configure:3275: $? = 0
configure:3264: or1k-linux-gnu-gcc -V >&5
or1k-linux-gnu-gcc: error: unrecognized command line option '-V'
or1k-linux-gnu-gcc: fatal error: no input files
compilation terminated.
configure:3275: $? = 1
configure:3264: or1k-linux-gnu-gcc -qversion >&5
or1k-linux-gnu-gcc: error: unrecognized command line option '-qversion'
or1k-linux-gnu-gcc: fatal error: no input files
compilation terminated.
configure:3275: $? = 1
configure:3295: checking whether the C compiler works
configure:3317: or1k-linux-gnu-gcc    conftest.c  >&5
configure:3321: $? = 0
configure:3369: result: yes
configure:3372: checking for C compiler default output file name
configure:3374: result: a.out
configure:3380: checking for suffix of executables
configure:3387: or1k-linux-gnu-gcc -o conftest    conftest.c  >&5
configure:3391: $? = 0
configure:3413: result: 
configure:3435: checking whether we are cross compiling
configure:3473: result: yes
configure:3478: checking for suffix of object files
configure:3500: or1k-linux-gnu-gcc -c   conftest.c >&5
configure:3504: $? = 0
configure:3525: result: o
configure:3529: checking whether we are using the GNU C compiler
configure:3548: or1k-linux-gnu-gcc -c   conftest.c >&5
configure:3548: $? = 0
configure:3557: result: yes
configure:3566: checking whether or1k-linux-gnu-gcc accepts -g
configure:3586: or1k-linux-gnu-gcc -c -g  conftest.c >&5
configure:3586: $? = 0
configure:3627: result: yes
configure:3644: checking for or1k-linux-gnu-gcc option to accept ISO C89
configure:3707: or1k-linux-gnu-gcc  -c -g -O2  conftest.c >&5
configure:3707: $? = 0
configure:3720: result: none needed
configure:3745: checking whether or1k-linux-gnu-gcc understands -c and -o together
configure:3767: or1k-linux-gnu-gcc -c conftest.c -o conftest2.o
configure:3770: $? = 0
configure:3767: or1k-linux-gnu-gcc -c conftest.c -o conftest2.o
configure:3770: $? = 0
configure:3782: result: yes
configure:3810: checking for style of include used by make
configure:3838: result: GNU
configure:3864: checking dependency style of or1k-linux-gnu-gcc
configure:3975: result: gcc3
configure:3991: checking whether ln -s works
configure:3995: result: yes
configure:4003: checking for library containing strerror
configure:4034: or1k-linux-gnu-gcc -o conftest -g -O2   conftest.c  >&5
configure:4034: $? = 0
configure:4051: result: none required
configure:4093: checking build system type
configure:4107: result: x86_64-pc-linux-gnu
configure:4127: checking host system type
configure:4140: result: or1k-unknown-linux-gnu
configure:4181: checking how to print strings
configure:4208: result: printf
configure:4229: checking for a sed that does not truncate output
configure:4293: result: /bin/sed
configure:4311: checking for grep that handles long lines and -e
configure:4369: result: /bin/grep
configure:4374: checking for egrep
configure:4436: result: /bin/grep -E
configure:4441: checking for fgrep
configure:4503: result: /bin/grep -F
configure:4538: checking for ld used by or1k-linux-gnu-gcc
configure:4605: result: /srv/compilers/openrisc-devel/or1k-linux-gnu/bin/ld
configure:4612: checking if the linker (/srv/compilers/openrisc-devel/or1k-linux-gnu/bin/ld) is GNU ld
configure:4627: result: yes
configure:4639: checking for BSD- or MS-compatible name lister (nm)
configure:4688: result: /srv/compilers/openrisc-devel/bin/or1k-linux-gnu-nm -B
configure:4818: checking the name lister (/srv/compilers/openrisc-devel/bin/or1k-linux-gnu-nm -B) interface
configure:4825: or1k-linux-gnu-gcc -c -g -O2  conftest.c >&5
configure:4828: /srv/compilers/openrisc-devel/bin/or1k-linux-gnu-nm -B "conftest.o"
configure:4831: output
00000000 B some_variable
configure:4838: result: BSD nm
configure:4842: checking the maximum length of command line arguments
configure:4973: result: 3458764513820540925
configure:4990: checking whether the shell understands some XSI constructs
configure:5000: result: yes
configure:5004: checking whether the shell understands "+="
configure:5010: result: yes
configure:5045: checking how to convert x86_64-pc-linux-gnu file names to or1k-unknown-linux-gnu format
configure:5085: result: func_convert_file_noop
configure:5092: checking how to convert x86_64-pc-linux-gnu file names to toolchain format
configure:5112: result: func_convert_file_noop
configure:5119: checking for /srv/compilers/openrisc-devel/or1k-linux-gnu/bin/ld option to reload object files
configure:5126: result: -r
configure:5160: checking for or1k-linux-gnu-objdump
configure:5176: found /srv/compilers/openrisc-devel/bin/or1k-linux-gnu-objdump
configure:5187: result: or1k-linux-gnu-objdump
configure:5259: checking how to recognize dependent libraries
configure:5457: result: pass_all
configure:5502: checking for or1k-linux-gnu-dlltool
configure:5532: result: no
configure:5542: checking for dlltool
configure:5572: result: no
configure:5602: checking how to associate runtime and link libraries
configure:5629: result: printf %s\n
configure:5645: checking for or1k-linux-gnu-ar
configure:5661: found /srv/compilers/openrisc-devel/bin/or1k-linux-gnu-ar
configure:5672: result: or1k-linux-gnu-ar
configure:5753: checking for archiver @FILE support
configure:5770: or1k-linux-gnu-gcc -c -g -O2  conftest.c >&5
configure:5770: $? = 0
configure:5773: or1k-linux-gnu-ar cru libconftest.a @conftest.lst >&5
configure:5776: $? = 0
configure:5781: or1k-linux-gnu-ar cru libconftest.a @conftest.lst >&5
or1k-linux-gnu-ar: conftest.o: No such file or directory
configure:5784: $? = 1
configure:5796: result: @
configure:5814: checking for or1k-linux-gnu-strip
configure:5841: result: or1k-linux-gnu-strip
configure:5913: checking for or1k-linux-gnu-ranlib
configure:5929: found /srv/compilers/openrisc-devel/bin/or1k-linux-gnu-ranlib
configure:5940: result: or1k-linux-gnu-ranlib
configure:6082: checking command to parse /srv/compilers/openrisc-devel/bin/or1k-linux-gnu-nm -B output from or1k-linux-gnu-gcc object
configure:6202: or1k-linux-gnu-gcc -c -g -O2  conftest.c >&5
configure:6205: $? = 0
configure:6209: /srv/compilers/openrisc-devel/bin/or1k-linux-gnu-nm -B conftest.o \| sed -n -e 's/^.*[ ]\([ABCDGIRSTW][ABCDGIRSTW]*\)[ ][ ]*\([_A-Za-z][_A-Za-z0-9]*\)$/\1 \2 \2/p' | sed '/ __gnu_lto/d' \> conftest.nm
configure:6212: $? = 0
configure:6278: or1k-linux-gnu-gcc -o conftest -g -O2   conftest.c conftstm.o >&5
configure:6281: $? = 0
configure:6319: result: ok
configure:6356: checking for sysroot
configure:6386: result: no
configure:6615: checking for or1k-linux-gnu-mt
configure:6645: result: no
configure:6655: checking for mt
configure:6671: found /bin/mt
configure:6682: result: mt
configure:6694: WARNING: using cross tools not prefixed with host triplet
configure:6705: checking if mt is a manifest tool
configure:6711: mt '-?'
configure:6719: result: no
configure:7361: checking how to run the C preprocessor
configure:7392: or1k-linux-gnu-gcc -E  conftest.c
configure:7392: $? = 0
configure:7406: or1k-linux-gnu-gcc -E  conftest.c
conftest.c:11:28: fatal error: ac_nonexistent.h: No such file or directory
compilation terminated.
configure:7406: $? = 1
configure: failed program was:
| /* confdefs.h */
| #define PACKAGE_NAME "lksctp-tools"
| #define PACKAGE_TARNAME "lksctp-tools"
| #define PACKAGE_VERSION "1.0.15"
| #define PACKAGE_STRING "lksctp-tools 1.0.15"
| #define PACKAGE_BUGREPORT ""
| #define PACKAGE_URL "http://www.lksctp.org/"
| #define PACKAGE "lksctp-tools"
| #define VERSION "1.0.15"
| /* end confdefs.h.  */
| #include <ac_nonexistent.h>
configure:7431: result: or1k-linux-gnu-gcc -E
configure:7451: or1k-linux-gnu-gcc -E  conftest.c
configure:7451: $? = 0
configure:7465: or1k-linux-gnu-gcc -E  conftest.c
conftest.c:11:28: fatal error: ac_nonexistent.h: No such file or directory
compilation terminated.
configure:7465: $? = 1
configure: failed program was:
| /* confdefs.h */
| #define PACKAGE_NAME "lksctp-tools"
| #define PACKAGE_TARNAME "lksctp-tools"
| #define PACKAGE_VERSION "1.0.15"
| #define PACKAGE_STRING "lksctp-tools 1.0.15"
| #define PACKAGE_BUGREPORT ""
| #define PACKAGE_URL "http://www.lksctp.org/"
| #define PACKAGE "lksctp-tools"
| #define VERSION "1.0.15"
| /* end confdefs.h.  */
| #include <ac_nonexistent.h>
configure:7494: checking for ANSI C header files
configure:7514: or1k-linux-gnu-gcc -c -g -O2  conftest.c >&5
configure:7514: $? = 0
configure:7598: result: yes
configure:7611: checking for sys/types.h
configure:7611: or1k-linux-gnu-gcc -c -g -O2  conftest.c >&5
configure:7611: $? = 0
configure:7611: result: yes
configure:7611: checking for sys/stat.h
configure:7611: or1k-linux-gnu-gcc -c -g -O2  conftest.c >&5
configure:7611: $? = 0
configure:7611: result: yes
configure:7611: checking for stdlib.h
configure:7611: or1k-linux-gnu-gcc -c -g -O2  conftest.c >&5
configure:7611: $? = 0
configure:7611: result: yes
configure:7611: checking for string.h
configure:7611: or1k-linux-gnu-gcc -c -g -O2  conftest.c >&5
configure:7611: $? = 0
configure:7611: result: yes
configure:7611: checking for memory.h
configure:7611: or1k-linux-gnu-gcc -c -g -O2  conftest.c >&5
configure:7611: $? = 0
configure:7611: result: yes
configure:7611: checking for strings.h
configure:7611: or1k-linux-gnu-gcc -c -g -O2  conftest.c >&5
configure:7611: $? = 0
configure:7611: result: yes
configure:7611: checking for inttypes.h
configure:7611: or1k-linux-gnu-gcc -c -g -O2  conftest.c >&5
configure:7611: $? = 0
configure:7611: result: yes
configure:7611: checking for stdint.h
configure:7611: or1k-linux-gnu-gcc -c -g -O2  conftest.c >&5
configure:7611: $? = 0
configure:7611: result: yes
configure:7611: checking for unistd.h
configure:7611: or1k-linux-gnu-gcc -c -g -O2  conftest.c >&5
configure:7611: $? = 0
configure:7611: result: yes
configure:7625: checking for dlfcn.h
configure:7625: or1k-linux-gnu-gcc -c -g -O2  conftest.c >&5
configure:7625: $? = 0
configure:7625: result: yes
configure:7829: checking for objdir
configure:7844: result: .libs
configure:8115: checking if or1k-linux-gnu-gcc supports -fno-rtti -fno-exceptions
configure:8133: or1k-linux-gnu-gcc -c -g -O2  -fno-rtti -fno-exceptions conftest.c >&5
cc1: warning: command line option '-fno-rtti' is valid for C++/ObjC++ but not for C
configure:8137: $? = 0
configure:8150: result: no
configure:8477: checking for or1k-linux-gnu-gcc option to produce PIC
configure:8484: result: -fPIC -DPIC
configure:8492: checking if or1k-linux-gnu-gcc PIC flag -fPIC -DPIC works
configure:8510: or1k-linux-gnu-gcc -c -g -O2  -fPIC -DPIC -DPIC conftest.c >&5
configure:8514: $? = 0
configure:8527: result: yes
configure:8556: checking if or1k-linux-gnu-gcc static flag -static works

## ---------------- ##
## Cache variables. ##
## ---------------- ##

ac_cv_build=x86_64-pc-linux-gnu
ac_cv_c_compiler_gnu=yes
ac_cv_env_CC_set=
ac_cv_env_CC_value=
ac_cv_env_CFLAGS_set=
ac_cv_env_CFLAGS_value=
ac_cv_env_CPPFLAGS_set=
ac_cv_env_CPPFLAGS_value=
ac_cv_env_CPP_set=
ac_cv_env_CPP_value=
ac_cv_env_LDFLAGS_set=
ac_cv_env_LDFLAGS_value=
ac_cv_env_LIBS_set=
ac_cv_env_LIBS_value=
ac_cv_env_build_alias_set=set
ac_cv_env_build_alias_value=x86_64-linux-gnu
ac_cv_env_host_alias_set=set
ac_cv_env_host_alias_value=or1k-linux-gnu
ac_cv_env_target_alias_set=
ac_cv_env_target_alias_value=
ac_cv_header_dlfcn_h=yes
ac_cv_header_inttypes_h=yes
ac_cv_header_memory_h=yes
ac_cv_header_stdc=yes
ac_cv_header_stdint_h=yes
ac_cv_header_stdlib_h=yes
ac_cv_header_string_h=yes
ac_cv_header_strings_h=yes
ac_cv_header_sys_stat_h=yes
ac_cv_header_sys_types_h=yes
ac_cv_header_unistd_h=yes
ac_cv_host=or1k-unknown-linux-gnu
ac_cv_objext=o
ac_cv_path_EGREP='/bin/grep -E'
ac_cv_path_FGREP='/bin/grep -F'
ac_cv_path_GREP=/bin/grep
ac_cv_path_SED=/bin/sed
ac_cv_path_install='/usr/bin/install -c'
ac_cv_path_mkdir=/bin/mkdir
ac_cv_prog_AR=or1k-linux-gnu-ar
ac_cv_prog_AWK=gawk
ac_cv_prog_CC=or1k-linux-gnu-gcc
ac_cv_prog_CPP='or1k-linux-gnu-gcc -E'
ac_cv_prog_OBJDUMP=or1k-linux-gnu-objdump
ac_cv_prog_RANLIB=or1k-linux-gnu-ranlib
ac_cv_prog_STRIP=or1k-linux-gnu-strip
ac_cv_prog_ac_ct_MANIFEST_TOOL=mt
ac_cv_prog_cc_c89=
ac_cv_prog_cc_g=yes
ac_cv_prog_make_make_set=yes
ac_cv_search_strerror='none required'
am_cv_CC_dependencies_compiler_type=gcc3
am_cv_make_support_nested_variables=yes
am_cv_prog_cc_c_o=yes
lt_cv_ar_at_file=@
lt_cv_deplibs_check_method=pass_all
lt_cv_file_magic_cmd='$MAGIC_CMD'
lt_cv_file_magic_test_file=
lt_cv_ld_reload_flag=-r
lt_cv_nm_interface='BSD nm'
lt_cv_objdir=.libs
lt_cv_path_LD=/srv/compilers/openrisc-devel/or1k-linux-gnu/bin/ld
lt_cv_path_NM='/srv/compilers/openrisc-devel/bin/or1k-linux-gnu-nm -B'
lt_cv_path_mainfest_tool=no
lt_cv_prog_compiler_pic='-fPIC -DPIC'
lt_cv_prog_compiler_pic_works=yes
lt_cv_prog_compiler_rtti_exceptions=no
lt_cv_prog_compiler_static_works=no
lt_cv_prog_gnu_ld=yes
lt_cv_sharedlib_from_linklib_cmd='printf %s\n'
lt_cv_sys_global_symbol_pipe='sed -n -e '\''s/^.*[	 ]\([ABCDGIRSTW][ABCDGIRSTW]*\)[	 ][	 ]*\([_A-Za-z][_A-Za-z0-9]*\)$/\1 \2 \2/p'\'' | sed '\''/ __gnu_lto/d'\'''
lt_cv_sys_global_symbol_to_c_name_address='sed -n -e '\''s/^: \([^ ]*\)[ ]*$/  {\"\1\", (void *) 0},/p'\'' -e '\''s/^[ABCDGIRSTW]* \([^ ]*\) \([^ ]*\)$/  {"\2", (void *) \&\2},/p'\'''
lt_cv_sys_global_symbol_to_c_name_address_lib_prefix='sed -n -e '\''s/^: \([^ ]*\)[ ]*$/  {\"\1\", (void *) 0},/p'\'' -e '\''s/^[ABCDGIRSTW]* \([^ ]*\) \(lib[^ ]*\)$/  {"\2", (void *) \&\2},/p'\'' -e '\''s/^[ABCDGIRSTW]* \([^ ]*\) \([^ ]*\)$/  {"lib\2", (void *) \&\2},/p'\'''
lt_cv_sys_global_symbol_to_cdecl='sed -n -e '\''s/^T .* \(.*\)$/extern int \1();/p'\'' -e '\''s/^[ABCDGIRSTW]* .* \(.*\)$/extern char \1;/p'\'''
lt_cv_sys_max_cmd_len=3458764513820540925
lt_cv_to_host_file_cmd=func_convert_file_noop
lt_cv_to_tool_file_cmd=func_convert_file_noop

## ----------------- ##
## Output variables. ##
## ----------------- ##

ACLOCAL='${SHELL} /home/bluecmd/openrisc/simexec/lksctp-tools/bin/missing aclocal-1.14'
AMDEPBACKSLASH='\'
AMDEP_FALSE='#'
AMDEP_TRUE=''
AMTAR='$${TAR-tar}'
AM_BACKSLASH='\'
AM_DEFAULT_V='$(AM_DEFAULT_VERBOSITY)'
AM_DEFAULT_VERBOSITY='0'
AM_V='$(V)'
AR='or1k-linux-gnu-ar'
AUTOCONF='${SHELL} /home/bluecmd/openrisc/simexec/lksctp-tools/bin/missing autoconf'
AUTOHEADER='${SHELL} /home/bluecmd/openrisc/simexec/lksctp-tools/bin/missing autoheader'
AUTOMAKE='${SHELL} /home/bluecmd/openrisc/simexec/lksctp-tools/bin/missing automake-1.14'
AWK='gawk'
CC='or1k-linux-gnu-gcc'
CCDEPMODE='depmode=gcc3'
CFLAGS='-g -O2'
CPP='or1k-linux-gnu-gcc -E'
CPPFLAGS=''
CYGPATH_W='echo'
DEFS=''
DEPDIR='.deps'
DLLTOOL='false'
DSYMUTIL=''
DUMPBIN=''
ECHO_C=''
ECHO_N='-n'
ECHO_T=''
EGREP='/bin/grep -E'
EXEEXT=''
FGREP='/bin/grep -F'
GREP='/bin/grep'
INSTALL_DATA='${INSTALL} -m 644'
INSTALL_PROGRAM='${INSTALL}'
INSTALL_SCRIPT='${INSTALL}'
INSTALL_STRIP_PROGRAM='$(install_sh) -c -s'
LD='/srv/compilers/openrisc-devel/or1k-linux-gnu/bin/ld'
LDFLAGS=' -static'
LIBOBJS=''
LIBS=''
LIBTOOL='$(SHELL) $(top_builddir)/libtool'
LIBTOOL_DEPS='bin/ltmain.sh'
LIPO=''
LN_S='ln -s'
LTLIBOBJS=''
MAKEINFO='${SHELL} /home/bluecmd/openrisc/simexec/lksctp-tools/bin/missing makeinfo'
MANIFEST_TOOL=':'
MKDIR_P='/bin/mkdir -p'
NM='/srv/compilers/openrisc-devel/bin/or1k-linux-gnu-nm -B'
NMEDIT=''
OBJDUMP='or1k-linux-gnu-objdump'
OBJEXT='o'
OTOOL64=''
OTOOL=''
PACKAGE='lksctp-tools'
PACKAGE_BUGREPORT=''
PACKAGE_NAME='lksctp-tools'
PACKAGE_STRING='lksctp-tools 1.0.15'
PACKAGE_TARNAME='lksctp-tools'
PACKAGE_URL='http://www.lksctp.org/'
PACKAGE_VERSION='1.0.15'
PATH_SEPARATOR=':'
RANLIB='or1k-linux-gnu-ranlib'
SED='/bin/sed'
SET_MAKE=''
SHELL='/bin/sh'
STRIP='or1k-linux-gnu-strip'
VERSION='1.0.15'
ac_ct_AR=''
ac_ct_CC=''
ac_ct_DUMPBIN=''
am__EXEEXT_FALSE=''
am__EXEEXT_TRUE=''
am__fastdepCC_FALSE='#'
am__fastdepCC_TRUE=''
am__include='include'
am__isrc=''
am__leading_dot='.'
am__nodep='_no'
am__quote=''
am__tar='$${TAR-tar} chof - "$$tardir"'
am__untar='$${TAR-tar} xf -'
bindir='${exec_prefix}/bin'
build='x86_64-pc-linux-gnu'
build_alias='x86_64-linux-gnu'
build_cpu='x86_64'
build_os='linux-gnu'
build_vendor='pc'
datadir='${datarootdir}'
datarootdir='${prefix}/share'
docdir='${datarootdir}/doc/${PACKAGE_TARNAME}'
dvidir='${docdir}'
exec_prefix='NONE'
host='or1k-unknown-linux-gnu'
host_alias='or1k-linux-gnu'
host_cpu='or1k'
host_os='linux-gnu'
host_vendor='unknown'
htmldir='${docdir}'
includedir='${prefix}/include'
infodir='${datarootdir}/info'
install_sh='${SHELL} /home/bluecmd/openrisc/simexec/lksctp-tools/bin/install-sh'
libdir='${exec_prefix}/lib'
libexecdir='${exec_prefix}/libexec'
localedir='${datarootdir}/locale'
localstatedir='${prefix}/var'
mandir='${datarootdir}/man'
mkdir_p='$(MKDIR_P)'
oldincludedir='/usr/include'
pdfdir='${docdir}'
prefix='NONE'
program_transform_name='s,x,x,'
psdir='${docdir}'
sbindir='${exec_prefix}/sbin'
sharedstatedir='${prefix}/com'
sysconfdir='${prefix}/etc'
target_alias=''

## ----------- ##
## confdefs.h. ##
## ----------- ##

/* confdefs.h */
#define PACKAGE_NAME "lksctp-tools"
#define PACKAGE_TARNAME "lksctp-tools"
#define PACKAGE_VERSION "1.0.15"
#define PACKAGE_STRING "lksctp-tools 1.0.15"
#define PACKAGE_BUGREPORT ""
#define PACKAGE_URL "http://www.lksctp.org/"
#define PACKAGE "lksctp-tools"
#define VERSION "1.0.15"
#define STDC_HEADERS 1
#define HAVE_SYS_TYPES_H 1
#define HAVE_SYS_STAT_H 1
#define HAVE_STDLIB_H 1
#define HAVE_STRING_H 1
#define HAVE_MEMORY_H 1
#define HAVE_STRINGS_H 1
#define HAVE_INTTYPES_H 1
#define HAVE_STDINT_H 1
#define HAVE_UNISTD_H 1
#define HAVE_DLFCN_H 1
#define LT_OBJDIR ".libs/"

configure: caught signal 2
configure: exit 1
